15:40:05 INFO  : Registering command handlers for SDK TCF services
15:40:06 INFO  : Launching XSCT server: xsct.bat -interactive D:\Program\Profession\Vivado\Project\LWIP_PS_DMA_PL\LWIP_PS_DMA_PL.sdk\temp_xsdb_launch_script.tcl
15:40:08 INFO  : XSCT server has started successfully.
15:40:08 INFO  : Successfully done setting XSCT server connection channel  
15:40:08 INFO  : Successfully done setting SDK workspace  
15:40:08 INFO  : Processing command line option -hwspec D:/Program/Profession/Vivado/Project/LWIP_PS_DMA_PL/LWIP_PS_DMA_PL.sdk/system_wrapper.hdf.
19:55:37 INFO  : Connected to target on host '127.0.0.1' and port '3121'.
19:55:37 INFO  : Jtag cable 'Digilent JTAG-HS1 210512180081' is selected.
19:55:37 INFO  : 'jtag frequency' command is executed.
19:55:37 INFO  : Sourcing of 'D:/Program/Profession/Vivado/Project/LWIP_PS_DMA_PL/LWIP_PS_DMA_PL.sdk/system_wrapper_hw_platform_0/ps7_init.tcl' is done.
19:55:37 INFO  : Context for 'APU' is selected.
19:55:37 INFO  : System reset is completed.
19:55:40 INFO  : 'after 3000' command is executed.
19:55:41 INFO  : 'targets -set -filter {jtag_cable_name =~ "Digilent JTAG-HS1 210512180081" && level==0} -index 1' command is executed.
19:55:44 INFO  : FPGA configured successfully with bitstream "D:/Program/Profession/Vivado/Project/LWIP_PS_DMA_PL/LWIP_PS_DMA_PL.sdk/system_wrapper_hw_platform_0/system_wrapper.bit"
19:55:44 INFO  : Context for 'APU' is selected.
19:55:44 INFO  : Hardware design information is loaded from 'D:/Program/Profession/Vivado/Project/LWIP_PS_DMA_PL/LWIP_PS_DMA_PL.sdk/system_wrapper_hw_platform_0/system.hdf'.
19:55:44 INFO  : 'configparams force-mem-access 1' command is executed.
19:55:44 INFO  : Context for 'APU' is selected.
19:55:44 INFO  : 'ps7_init' command is executed.
19:55:44 INFO  : 'ps7_post_config' command is executed.
19:55:44 INFO  : Context for processor 'ps7_cortexa9_0' is selected.
19:55:45 INFO  : The application 'D:/Program/Profession/Vivado/Project/LWIP_PS_DMA_PL/LWIP_PS_DMA_PL.sdk/project1/Debug/project1.elf' is downloaded to processor 'ps7_cortexa9_0'.
19:55:45 INFO  : 'configparams force-mem-access 0' command is executed.
19:55:45 INFO  : ----------------XSDB Script----------------
connect -url tcp:127.0.0.1:3121
source D:/Program/Profession/Vivado/Project/LWIP_PS_DMA_PL/LWIP_PS_DMA_PL.sdk/system_wrapper_hw_platform_0/ps7_init.tcl
targets -set -nocase -filter {name =~"APU*" && jtag_cable_name =~ "Digilent JTAG-HS1 210512180081"} -index 0
rst -system
after 3000
targets -set -filter {jtag_cable_name =~ "Digilent JTAG-HS1 210512180081" && level==0} -index 1
fpga -file D:/Program/Profession/Vivado/Project/LWIP_PS_DMA_PL/LWIP_PS_DMA_PL.sdk/system_wrapper_hw_platform_0/system_wrapper.bit
targets -set -nocase -filter {name =~"APU*" && jtag_cable_name =~ "Digilent JTAG-HS1 210512180081"} -index 0
loadhw -hw D:/Program/Profession/Vivado/Project/LWIP_PS_DMA_PL/LWIP_PS_DMA_PL.sdk/system_wrapper_hw_platform_0/system.hdf -mem-ranges [list {0x40000000 0xbfffffff}]
configparams force-mem-access 1
targets -set -nocase -filter {name =~"APU*" && jtag_cable_name =~ "Digilent JTAG-HS1 210512180081"} -index 0
ps7_init
ps7_post_config
targets -set -nocase -filter {name =~ "ARM*#0" && jtag_cable_name =~ "Digilent JTAG-HS1 210512180081"} -index 0
dow D:/Program/Profession/Vivado/Project/LWIP_PS_DMA_PL/LWIP_PS_DMA_PL.sdk/project1/Debug/project1.elf
configparams force-mem-access 0
----------------End of Script----------------

19:55:45 INFO  : Memory regions updated for context APU
19:55:45 INFO  : Context for processor 'ps7_cortexa9_0' is selected.
19:55:45 INFO  : 'con' command is executed.
19:55:45 INFO  : ----------------XSDB Script (After Launch)----------------
targets -set -nocase -filter {name =~ "ARM*#0" && jtag_cable_name =~ "Digilent JTAG-HS1 210512180081"} -index 0
con
----------------End of Script----------------

19:55:45 INFO  : Launch script is exported to file 'D:\Program\Profession\Vivado\Project\LWIP_PS_DMA_PL\LWIP_PS_DMA_PL.sdk\.sdk\launch_scripts\xilinx_c-c++_application_(system_debugger)\system_debugger_using_debug_project1.elf_on_local.tcl'
20:08:55 INFO  : Disconnected from the channel tcfchan#1.
20:08:56 INFO  : Connected to target on host '127.0.0.1' and port '3121'.
20:08:56 INFO  : Jtag cable 'Digilent JTAG-HS1 210512180081' is selected.
20:08:56 INFO  : 'jtag frequency' command is executed.
20:08:56 INFO  : Sourcing of 'D:/Program/Profession/Vivado/Project/LWIP_PS_DMA_PL/LWIP_PS_DMA_PL.sdk/system_wrapper_hw_platform_0/ps7_init.tcl' is done.
20:08:56 INFO  : Context for 'APU' is selected.
20:08:56 INFO  : System reset is completed.
20:08:59 INFO  : 'after 3000' command is executed.
20:09:00 INFO  : 'targets -set -filter {jtag_cable_name =~ "Digilent JTAG-HS1 210512180081" && level==0} -index 1' command is executed.
20:09:03 INFO  : FPGA configured successfully with bitstream "D:/Program/Profession/Vivado/Project/LWIP_PS_DMA_PL/LWIP_PS_DMA_PL.sdk/system_wrapper_hw_platform_0/system_wrapper.bit"
20:09:03 INFO  : Context for 'APU' is selected.
20:09:04 INFO  : Hardware design information is loaded from 'D:/Program/Profession/Vivado/Project/LWIP_PS_DMA_PL/LWIP_PS_DMA_PL.sdk/system_wrapper_hw_platform_0/system.hdf'.
20:09:04 INFO  : 'configparams force-mem-access 1' command is executed.
20:09:04 INFO  : Context for 'APU' is selected.
20:09:05 INFO  : 'ps7_init' command is executed.
20:09:05 INFO  : 'ps7_post_config' command is executed.
20:09:05 INFO  : Context for processor 'ps7_cortexa9_0' is selected.
20:09:05 INFO  : The application 'D:/Program/Profession/Vivado/Project/LWIP_PS_DMA_PL/LWIP_PS_DMA_PL.sdk/project1/Debug/project1.elf' is downloaded to processor 'ps7_cortexa9_0'.
20:09:05 INFO  : 'configparams force-mem-access 0' command is executed.
20:09:05 INFO  : ----------------XSDB Script----------------
connect -url tcp:127.0.0.1:3121
source D:/Program/Profession/Vivado/Project/LWIP_PS_DMA_PL/LWIP_PS_DMA_PL.sdk/system_wrapper_hw_platform_0/ps7_init.tcl
targets -set -nocase -filter {name =~"APU*" && jtag_cable_name =~ "Digilent JTAG-HS1 210512180081"} -index 0
rst -system
after 3000
targets -set -filter {jtag_cable_name =~ "Digilent JTAG-HS1 210512180081" && level==0} -index 1
fpga -file D:/Program/Profession/Vivado/Project/LWIP_PS_DMA_PL/LWIP_PS_DMA_PL.sdk/system_wrapper_hw_platform_0/system_wrapper.bit
targets -set -nocase -filter {name =~"APU*" && jtag_cable_name =~ "Digilent JTAG-HS1 210512180081"} -index 0
loadhw -hw D:/Program/Profession/Vivado/Project/LWIP_PS_DMA_PL/LWIP_PS_DMA_PL.sdk/system_wrapper_hw_platform_0/system.hdf -mem-ranges [list {0x40000000 0xbfffffff}]
configparams force-mem-access 1
targets -set -nocase -filter {name =~"APU*" && jtag_cable_name =~ "Digilent JTAG-HS1 210512180081"} -index 0
ps7_init
ps7_post_config
targets -set -nocase -filter {name =~ "ARM*#0" && jtag_cable_name =~ "Digilent JTAG-HS1 210512180081"} -index 0
dow D:/Program/Profession/Vivado/Project/LWIP_PS_DMA_PL/LWIP_PS_DMA_PL.sdk/project1/Debug/project1.elf
configparams force-mem-access 0
----------------End of Script----------------

20:09:05 INFO  : Memory regions updated for context APU
20:09:05 INFO  : Context for processor 'ps7_cortexa9_0' is selected.
20:09:05 INFO  : 'con' command is executed.
20:09:05 INFO  : ----------------XSDB Script (After Launch)----------------
targets -set -nocase -filter {name =~ "ARM*#0" && jtag_cable_name =~ "Digilent JTAG-HS1 210512180081"} -index 0
con
----------------End of Script----------------

20:09:05 INFO  : Launch script is exported to file 'D:\Program\Profession\Vivado\Project\LWIP_PS_DMA_PL\LWIP_PS_DMA_PL.sdk\.sdk\launch_scripts\xilinx_c-c++_application_(system_debugger)\system_debugger_using_debug_project1.elf_on_local.tcl'
20:10:35 INFO  : Disconnected from the channel tcfchan#2.
20:10:36 INFO  : Connected to target on host '127.0.0.1' and port '3121'.
20:10:36 INFO  : Jtag cable 'Digilent JTAG-HS1 210512180081' is selected.
20:10:36 INFO  : 'jtag frequency' command is executed.
20:10:36 INFO  : Sourcing of 'D:/Program/Profession/Vivado/Project/LWIP_PS_DMA_PL/LWIP_PS_DMA_PL.sdk/system_wrapper_hw_platform_0/ps7_init.tcl' is done.
20:10:36 INFO  : Context for 'APU' is selected.
20:10:36 INFO  : System reset is completed.
20:10:39 INFO  : 'after 3000' command is executed.
20:10:39 INFO  : 'targets -set -filter {jtag_cable_name =~ "Digilent JTAG-HS1 210512180081" && level==0} -index 1' command is executed.
20:10:43 INFO  : FPGA configured successfully with bitstream "D:/Program/Profession/Vivado/Project/LWIP_PS_DMA_PL/LWIP_PS_DMA_PL.sdk/system_wrapper_hw_platform_0/system_wrapper.bit"
20:10:43 INFO  : Context for 'APU' is selected.
20:10:44 INFO  : Hardware design information is loaded from 'D:/Program/Profession/Vivado/Project/LWIP_PS_DMA_PL/LWIP_PS_DMA_PL.sdk/system_wrapper_hw_platform_0/system.hdf'.
20:10:44 INFO  : 'configparams force-mem-access 1' command is executed.
20:10:44 INFO  : Context for 'APU' is selected.
20:10:44 INFO  : 'ps7_init' command is executed.
20:10:44 INFO  : 'ps7_post_config' command is executed.
20:10:44 INFO  : Context for processor 'ps7_cortexa9_0' is selected.
20:10:44 INFO  : The application 'D:/Program/Profession/Vivado/Project/LWIP_PS_DMA_PL/LWIP_PS_DMA_PL.sdk/project1/Debug/project1.elf' is downloaded to processor 'ps7_cortexa9_0'.
20:10:44 INFO  : 'configparams force-mem-access 0' command is executed.
20:10:44 INFO  : ----------------XSDB Script----------------
connect -url tcp:127.0.0.1:3121
source D:/Program/Profession/Vivado/Project/LWIP_PS_DMA_PL/LWIP_PS_DMA_PL.sdk/system_wrapper_hw_platform_0/ps7_init.tcl
targets -set -nocase -filter {name =~"APU*" && jtag_cable_name =~ "Digilent JTAG-HS1 210512180081"} -index 0
rst -system
after 3000
targets -set -filter {jtag_cable_name =~ "Digilent JTAG-HS1 210512180081" && level==0} -index 1
fpga -file D:/Program/Profession/Vivado/Project/LWIP_PS_DMA_PL/LWIP_PS_DMA_PL.sdk/system_wrapper_hw_platform_0/system_wrapper.bit
targets -set -nocase -filter {name =~"APU*" && jtag_cable_name =~ "Digilent JTAG-HS1 210512180081"} -index 0
loadhw -hw D:/Program/Profession/Vivado/Project/LWIP_PS_DMA_PL/LWIP_PS_DMA_PL.sdk/system_wrapper_hw_platform_0/system.hdf -mem-ranges [list {0x40000000 0xbfffffff}]
configparams force-mem-access 1
targets -set -nocase -filter {name =~"APU*" && jtag_cable_name =~ "Digilent JTAG-HS1 210512180081"} -index 0
ps7_init
ps7_post_config
targets -set -nocase -filter {name =~ "ARM*#0" && jtag_cable_name =~ "Digilent JTAG-HS1 210512180081"} -index 0
dow D:/Program/Profession/Vivado/Project/LWIP_PS_DMA_PL/LWIP_PS_DMA_PL.sdk/project1/Debug/project1.elf
configparams force-mem-access 0
----------------End of Script----------------

20:10:44 INFO  : Memory regions updated for context APU
20:10:45 INFO  : Context for processor 'ps7_cortexa9_0' is selected.
20:10:45 INFO  : 'con' command is executed.
20:10:45 INFO  : ----------------XSDB Script (After Launch)----------------
targets -set -nocase -filter {name =~ "ARM*#0" && jtag_cable_name =~ "Digilent JTAG-HS1 210512180081"} -index 0
con
----------------End of Script----------------

20:10:45 INFO  : Launch script is exported to file 'D:\Program\Profession\Vivado\Project\LWIP_PS_DMA_PL\LWIP_PS_DMA_PL.sdk\.sdk\launch_scripts\xilinx_c-c++_application_(system_debugger)\system_debugger_using_debug_project1.elf_on_local.tcl'
22:03:02 INFO  : Disconnected from the channel tcfchan#3.
